<?xml version="1.0" encoding="UTF-8"?>
<testsuite xmlns:xsi="http://www.w3.org/2001/XMLSchema-instance" xsi:noNamespaceSchemaLocation="https://maven.apache.org/surefire/maven-surefire-plugin/xsd/surefire-test-report-3.0.xsd" version="3.0" name="com.spring_boot.blog_application.BlogApplicationTests" time="7.606" tests="2" errors="0" skipped="0" failures="0">
  <properties>
[...]
</properties>
  <testcase name="repoTest" classname="com.spring_boot.blog_application.BlogApplicationTests" time="1.209">
    <system-out><![CDATA[18:05:05.016 [main] INFO org.springframework.test.context.support.AnnotationConfigContextLoaderUtils -- Could not detect default configuration classes for test class [com.spring_boot.blog_application.BlogApplicationTests]: BlogApplicationTests does not declare any static, non-private, non-final, nested classes annotated with @Configuration.
18:05:05.185 [main] INFO org.springframework.boot.test.context.SpringBootTestContextBootstrapper -- Found @SpringBootConfiguration com.spring_boot.blog_application.BlogApplication for test class com.spring_boot.blog_application.BlogApplicationTests
18:05:05.495 [main] INFO org.springframework.boot.devtools.restart.RestartApplicationListener -- Restart disabled due to context in which it is running

  .   ____          _            __ _ _
 /\\ / ___'_ __ _ _(_)_ __  __ _ \ \ \ \
( ( )\___ | '_ | '_| | '_ \/ _` | \ \ \ \
 \\/  ___)| |_)| | | | | || (_| |  ) ) ) )
  '  |____| .__|_| |_|_| |_\__, | / / / /
 =========|_|==============|___/=/_/_/_/
 :: Spring Boot ::                (v3.2.8)

2024-08-29T18:05:06.021+05:30  INFO 6492 --- [           main] c.s.b.BlogApplicationTests               : Starting BlogApplicationTests using Java 17.0.7 with PID 6492 (started by Dell in C:\Users\Dell\Downloads\blogApp_personal_persuit - Copy\blog-application)
2024-08-29T18:05:06.028+05:30  INFO 6492 --- [           main] c.s.b.BlogApplicationTests               : No active profile set, falling back to 1 default profile: "default"
2024-08-29T18:05:07.188+05:30  INFO 6492 --- [           main] .s.d.r.c.RepositoryConfigurationDelegate : Bootstrapping Spring Data MongoDB repositories in DEFAULT mode.
2024-08-29T18:05:07.275+05:30  INFO 6492 --- [           main] .s.d.r.c.RepositoryConfigurationDelegate : Finished Spring Data repository scanning in 81 ms. Found 2 MongoDB repository interfaces.
2024-08-29T18:05:08.478+05:30  INFO 6492 --- [           main] org.mongodb.driver.client                : MongoClient with metadata {"application": {"name": "Cluster0"}, "driver": {"name": "mongo-java-driver|sync|spring-boot", "version": "4.11.2"}, "os": {"type": "Windows", "name": "Windows 10", "architecture": "amd64", "version": "10.0"}, "platform": "Java/Oracle Corporation/17.0.7+8-LTS-224"} created with settings MongoClientSettings{readPreference=primary, writeConcern=WriteConcern{w=majority, wTimeout=null ms, journal=null}, retryWrites=true, retryReads=true, readConcern=ReadConcern{level=null}, credential=MongoCredential{mechanism=null, userName='admin', source='admin', password=<hidden>, mechanismProperties=<hidden>}, transportSettings=null, streamFactoryFactory=null, commandListeners=[], codecRegistry=ProvidersCodecRegistry{codecProviders=[ValueCodecProvider{}, BsonValueCodecProvider{}, DBRefCodecProvider{}, DBObjectCodecProvider{}, DocumentCodecProvider{}, CollectionCodecProvider{}, IterableCodecProvider{}, MapCodecProvider{}, GeoJsonCodecProvider{}, GridFSFileCodecProvider{}, Jsr310CodecProvider{}, JsonObjectCodecProvider{}, BsonCodecProvider{}, EnumCodecProvider{}, com.mongodb.client.model.mql.ExpressionCodecProvider@545b5ed0, com.mongodb.Jep395RecordCodecProvider@5a7df831, com.mongodb.KotlinCodecProvider@667dcaad]}, loggerSettings=LoggerSettings{maxDocumentLength=1000}, clusterSettings={hosts=[127.0.0.1:27017], srvHost=cluster0.xqz7ur9.mongodb.net, srvServiceName=mongodb, mode=MULTIPLE, requiredClusterType=REPLICA_SET, requiredReplicaSetName='atlas-j2ts8r-shard-0', serverSelector='null', clusterListeners='[]', serverSelectionTimeout='30000 ms', localThreshold='15 ms'}, socketSettings=SocketSettings{connectTimeoutMS=10000, readTimeoutMS=0, receiveBufferSize=0, proxySettings=ProxySettings{host=null, port=null, username=null, password=null}}, heartbeatSocketSettings=SocketSettings{connectTimeoutMS=10000, readTimeoutMS=10000, receiveBufferSize=0, proxySettings=ProxySettings{host=null, port=null, username=null, password=null}}, connectionPoolSettings=ConnectionPoolSettings{maxSize=100, minSize=0, maxWaitTimeMS=120000, maxConnectionLifeTimeMS=0, maxConnectionIdleTimeMS=0, maintenanceInitialDelayMS=0, maintenanceFrequencyMS=60000, connectionPoolListeners=[], maxConnecting=2}, serverSettings=ServerSettings{heartbeatFrequencyMS=10000, minHeartbeatFrequencyMS=500, serverListeners='[]', serverMonitorListeners='[]'}, sslSettings=SslSettings{enabled=true, invalidHostNameAllowed=false, context=null}, applicationName='Cluster0', compressorList=[], uuidRepresentation=JAVA_LEGACY, serverApi=null, autoEncryptionSettings=null, dnsClient=null, inetAddressResolver=null, contextProvider=null}
2024-08-29T18:05:08.511+05:30  INFO 6492 --- [ur9.mongodb.net] org.mongodb.driver.cluster               : Adding discovered server ac-ptp18v0-shard-00-02.xqz7ur9.mongodb.net:27017 to client view of cluster
2024-08-29T18:05:08.592+05:30  INFO 6492 --- [ur9.mongodb.net] org.mongodb.driver.cluster               : Adding discovered server ac-ptp18v0-shard-00-00.xqz7ur9.mongodb.net:27017 to client view of cluster
2024-08-29T18:05:08.595+05:30  INFO 6492 --- [ur9.mongodb.net] org.mongodb.driver.cluster               : Adding discovered server ac-ptp18v0-shard-00-01.xqz7ur9.mongodb.net:27017 to client view of cluster
2024-08-29T18:05:09.212+05:30  INFO 6492 --- [           main] org.mongodb.driver.cluster               : No server chosen by WritableServerSelector from cluster description ClusterDescription{type=REPLICA_SET, connectionMode=MULTIPLE, serverDescriptions=[ServerDescription{address=ac-ptp18v0-shard-00-01.xqz7ur9.mongodb.net:27017, type=UNKNOWN, state=CONNECTING}, ServerDescription{address=ac-ptp18v0-shard-00-02.xqz7ur9.mongodb.net:27017, type=UNKNOWN, state=CONNECTING}, ServerDescription{address=ac-ptp18v0-shard-00-00.xqz7ur9.mongodb.net:27017, type=UNKNOWN, state=CONNECTING}]}. Waiting for 30000 ms before timing out
2024-08-29T18:05:09.427+05:30  INFO 6492 --- [ngodb.net:27017] org.mongodb.driver.cluster               : Monitor thread successfully connected to server with description ServerDescription{address=ac-ptp18v0-shard-00-02.xqz7ur9.mongodb.net:27017, type=REPLICA_SET_SECONDARY, state=CONNECTED, ok=true, minWireVersion=0, maxWireVersion=21, maxDocumentSize=16777216, logicalSessionTimeoutMinutes=30, roundTripTimeNanos=383882600, setName='atlas-j2ts8r-shard-0', canonicalAddress=ac-ptp18v0-shard-00-02.xqz7ur9.mongodb.net:27017, hosts=[ac-ptp18v0-shard-00-01.xqz7ur9.mongodb.net:27017, ac-ptp18v0-shard-00-02.xqz7ur9.mongodb.net:27017, ac-ptp18v0-shard-00-00.xqz7ur9.mongodb.net:27017], passives=[], arbiters=[], primary='ac-ptp18v0-shard-00-01.xqz7ur9.mongodb.net:27017', tagSet=TagSet{[Tag{name='availabilityZone', value='aps1-az2'}, Tag{name='diskState', value='READY'}, Tag{name='nodeType', value='ELECTABLE'}, Tag{name='provider', value='AWS'}, Tag{name='region', value='AP_SOUTH_1'}, Tag{name='workloadType', value='OPERATIONAL'}]}, electionId=null, setVersion=89, topologyVersion=TopologyVersion{processId=66cc309534926c2ad9932bc6, counter=5}, lastWriteDate=Thu Aug 29 18:05:09 IST 2024, lastUpdateTimeNanos=636387372168100}
2024-08-29T18:05:09.429+05:30  INFO 6492 --- [ngodb.net:27017] org.mongodb.driver.cluster               : Monitor thread successfully connected to server with description ServerDescription{address=ac-ptp18v0-shard-00-01.xqz7ur9.mongodb.net:27017, type=REPLICA_SET_PRIMARY, state=CONNECTED, ok=true, minWireVersion=0, maxWireVersion=21, maxDocumentSize=16777216, logicalSessionTimeoutMinutes=30, roundTripTimeNanos=383105200, setName='atlas-j2ts8r-shard-0', canonicalAddress=ac-ptp18v0-shard-00-01.xqz7ur9.mongodb.net:27017, hosts=[ac-ptp18v0-shard-00-01.xqz7ur9.mongodb.net:27017, ac-ptp18v0-shard-00-02.xqz7ur9.mongodb.net:27017, ac-ptp18v0-shard-00-00.xqz7ur9.mongodb.net:27017], passives=[], arbiters=[], primary='ac-ptp18v0-shard-00-01.xqz7ur9.mongodb.net:27017', tagSet=TagSet{[Tag{name='availabilityZone', value='aps1-az3'}, Tag{name='diskState', value='READY'}, Tag{name='nodeType', value='ELECTABLE'}, Tag{name='provider', value='AWS'}, Tag{name='region', value='AP_SOUTH_1'}, Tag{name='workloadType', value='OPERATIONAL'}]}, electionId=7fffffff000000000000005f, setVersion=89, topologyVersion=TopologyVersion{processId=66cc2e5c0df880325f4d6c4f, counter=9}, lastWriteDate=Thu Aug 29 18:05:09 IST 2024, lastUpdateTimeNanos=636387369634200}
2024-08-29T18:05:09.435+05:30  INFO 6492 --- [ngodb.net:27017] org.mongodb.driver.cluster               : Discovered replica set primary ac-ptp18v0-shard-00-01.xqz7ur9.mongodb.net:27017 with max election id 7fffffff000000000000005f and max set version 89
2024-08-29T18:05:09.434+05:30  INFO 6492 --- [ngodb.net:27017] org.mongodb.driver.cluster               : Monitor thread successfully connected to server with description ServerDescription{address=ac-ptp18v0-shard-00-00.xqz7ur9.mongodb.net:27017, type=REPLICA_SET_SECONDARY, state=CONNECTED, ok=true, minWireVersion=0, maxWireVersion=21, maxDocumentSize=16777216, logicalSessionTimeoutMinutes=30, roundTripTimeNanos=396054200, setName='atlas-j2ts8r-shard-0', canonicalAddress=ac-ptp18v0-shard-00-00.xqz7ur9.mongodb.net:27017, hosts=[ac-ptp18v0-shard-00-01.xqz7ur9.mongodb.net:27017, ac-ptp18v0-shard-00-02.xqz7ur9.mongodb.net:27017, ac-ptp18v0-shard-00-00.xqz7ur9.mongodb.net:27017], passives=[], arbiters=[], primary='ac-ptp18v0-shard-00-01.xqz7ur9.mongodb.net:27017', tagSet=TagSet{[Tag{name='availabilityZone', value='aps1-az1'}, Tag{name='diskState', value='READY'}, Tag{name='nodeType', value='ELECTABLE'}, Tag{name='provider', value='AWS'}, Tag{name='region', value='AP_SOUTH_1'}, Tag{name='workloadType', value='OPERATIONAL'}]}, electionId=null, setVersion=89, topologyVersion=TopologyVersion{processId=66cc2f47b627f8ce7e5b7de5, counter=5}, lastWriteDate=Thu Aug 29 18:05:09 IST 2024, lastUpdateTimeNanos=636387381522100}
2024-08-29T18:05:10.642+05:30  INFO 6492 --- [           main] o.s.s.web.DefaultSecurityFilterChain     : Will secure any request with [org.springframework.security.web.session.DisableEncodeUrlFilter@15186ce0, org.springframework.security.web.context.request.async.WebAsyncManagerIntegrationFilter@745926c3, org.springframework.security.web.context.SecurityContextHolderFilter@59fea5f5, org.springframework.security.web.header.HeaderWriterFilter@79d4ff58, org.springframework.web.filter.CorsFilter@75dd0f94, org.springframework.security.web.authentication.logout.LogoutFilter@631bc9f4, com.spring_boot.blog_application.filter.JwtFilter@72324965, org.springframework.security.web.savedrequest.RequestCacheAwareFilter@70f4abc1, org.springframework.security.web.servletapi.SecurityContextHolderAwareRequestFilter@42cc420b, org.springframework.security.web.authentication.AnonymousAuthenticationFilter@249b54af, org.springframework.security.web.access.ExceptionTranslationFilter@7433ca19, org.springframework.security.web.access.intercept.AuthorizationFilter@586728e8]
2024-08-29T18:05:11.070+05:30  INFO 6492 --- [           main] c.s.b.BlogApplicationTests               : Started BlogApplicationTests in 5.611 seconds (process running for 7.774)
jdk.proxy2.$Proxy86
jdk.proxy2
]]></system-out>
  </testcase>
  <testcase name="contextLoads" classname="com.spring_boot.blog_application.BlogApplicationTests" time="0.016"/>
</testsuite>